<?xml version="1.0" encoding="UTF-8"?>
<!-- Generated by org.testng.reporters.JUnitReportReporter -->
<testsuite hostname="TYSS-Chaithra" failures="0" tests="2" name="vtiger.OrganizationsTests.CreateOrgWithIndustry" time="-1662646272.000" errors="1" timestamp="2022-09-08T19:40:14 IST" skipped="1">
  <testcase classname="vtiger.OrganizationsTests.CreateOrgWithIndustry" name="bcConfig" time="-1662646272.000">
    <error message="
Parameter &#039;BROWSER&#039; is required by BeforeTest on method bcConfig but has not been marked @Optional or defined
in D:\MavenProjects\VtigerAdvancedSeleniumFramework\testng-DistributedParallel.xml" type="org.testng.TestNGException">
      <![CDATA[org.testng.TestNGException: 
Parameter 'BROWSER' is required by BeforeTest on method bcConfig but has not been marked @Optional or defined
in D:\MavenProjects\VtigerAdvancedSeleniumFramework\testng-DistributedParallel.xml
at org.testng.internal.Parameters.createParams(Parameters.java:270)
at org.testng.internal.Parameters.createParametersForMethod(Parameters.java:358)
at org.testng.internal.Parameters.createParameters(Parameters.java:700)
at org.testng.internal.Parameters.createConfigurationParameters(Parameters.java:168)
at org.testng.internal.ConfigInvoker.invokeConfigurations(ConfigInvoker.java:302)
at org.testng.TestRunner.invokeTestConfigurations(TestRunner.java:637)
at org.testng.TestRunner.beforeRun(TestRunner.java:627)
at org.testng.TestRunner.run(TestRunner.java:589)
at org.testng.SuiteRunner.runTest(SuiteRunner.java:377)
at org.testng.SuiteRunner.access$000(SuiteRunner.java:28)
at org.testng.SuiteRunner$SuiteWorker.run(SuiteRunner.java:418)
at org.testng.internal.thread.ThreadUtil.lambda$execute$0(ThreadUtil.java:64)
at java.base/java.util.concurrent.FutureTask.run(FutureTask.java:264)
at java.base/java.util.concurrent.ThreadPoolExecutor.runWorker(ThreadPoolExecutor.java:1128)
at java.base/java.util.concurrent.ThreadPoolExecutor$Worker.run(ThreadPoolExecutor.java:628)
at java.base/java.lang.Thread.run(Thread.java:829)
]]>
    </error>
  </testcase> <!-- bcConfig -->
  <system-out/>
  <testcase classname="vtiger.OrganizationsTests.CreateOrgWithIndustry" name="createOrgWithIndTest" time="0.000">
    <skipped/>
  </testcase> <!-- createOrgWithIndTest -->
  <system-out/>
</testsuite> <!-- vtiger.OrganizationsTests.CreateOrgWithIndustry -->
